Performing C SOURCE FILE Test CMAKE_HAVE_LIBC_PTHREAD failed with the following output:
Change Dir: /home/xchu/github/hdl_graph_slam-master/cmake-build-debug/CMakeFiles/CMakeTmp

Run Build Command(s):/usr/bin/make cmTC_66f3b/fast && /usr/bin/make -f CMakeFiles/cmTC_66f3b.dir/build.make CMakeFiles/cmTC_66f3b.dir/build
make[1]: Entering directory '/home/xchu/github/hdl_graph_slam-master/cmake-build-debug/CMakeFiles/CMakeTmp'
Building C object CMakeFiles/cmTC_66f3b.dir/src.c.o
/usr/bin/cc   -DCMAKE_HAVE_LIBC_PTHREAD   -o CMakeFiles/cmTC_66f3b.dir/src.c.o   -c /home/xchu/github/hdl_graph_slam-master/cmake-build-debug/CMakeFiles/CMakeTmp/src.c
Linking C executable cmTC_66f3b
/home/xchu/software/clion-2019.3.5/bin/cmake/linux/bin/cmake -E cmake_link_script CMakeFiles/cmTC_66f3b.dir/link.txt --verbose=1
/usr/bin/cc  -DCMAKE_HAVE_LIBC_PTHREAD    -rdynamic CMakeFiles/cmTC_66f3b.dir/src.c.o  -o cmTC_66f3b 
CMakeFiles/cmTC_66f3b.dir/src.c.o：在函数‘main’中：
src.c:(.text+0x3c)：对‘pthread_create’未定义的引用
src.c:(.text+0x48)：对‘pthread_detach’未定义的引用
src.c:(.text+0x59)：对‘pthread_join’未定义的引用
src.c:(.text+0x6d)：对‘pthread_atfork’未定义的引用
collect2: error: ld returned 1 exit status
CMakeFiles/cmTC_66f3b.dir/build.make:86: recipe for target 'cmTC_66f3b' failed
make[1]: *** [cmTC_66f3b] Error 1
make[1]: Leaving directory '/home/xchu/github/hdl_graph_slam-master/cmake-build-debug/CMakeFiles/CMakeTmp'
Makefile:121: recipe for target 'cmTC_66f3b/fast' failed
make: *** [cmTC_66f3b/fast] Error 2


Source file was:
#include <pthread.h>

void* test_func(void* data)
{
  return data;
}

int main(void)
{
  pthread_t thread;
  pthread_create(&thread, NULL, test_func, NULL);
  pthread_detach(thread);
  pthread_join(thread, NULL);
  pthread_atfork(NULL, NULL, NULL);
  pthread_exit(NULL);

  return 0;
}

Determining if the function pthread_create exists in the pthreads failed with the following output:
Change Dir: /home/xchu/github/hdl_graph_slam-master/cmake-build-debug/CMakeFiles/CMakeTmp

Run Build Command(s):/usr/bin/make cmTC_101b7/fast && /usr/bin/make -f CMakeFiles/cmTC_101b7.dir/build.make CMakeFiles/cmTC_101b7.dir/build
make[1]: Entering directory '/home/xchu/github/hdl_graph_slam-master/cmake-build-debug/CMakeFiles/CMakeTmp'
Building C object CMakeFiles/cmTC_101b7.dir/CheckFunctionExists.c.o
/usr/bin/cc   -DCHECK_FUNCTION_EXISTS=pthread_create   -o CMakeFiles/cmTC_101b7.dir/CheckFunctionExists.c.o   -c /home/xchu/software/clion-2019.3.5/bin/cmake/linux/share/cmake-3.15/Modules/CheckFunctionExists.c
Linking C executable cmTC_101b7
/home/xchu/software/clion-2019.3.5/bin/cmake/linux/bin/cmake -E cmake_link_script CMakeFiles/cmTC_101b7.dir/link.txt --verbose=1
/usr/bin/cc  -DCHECK_FUNCTION_EXISTS=pthread_create    -rdynamic CMakeFiles/cmTC_101b7.dir/CheckFunctionExists.c.o  -o cmTC_101b7 -lpthreads 
/usr/bin/ld: 找不到 -lpthreads
collect2: error: ld returned 1 exit status
CMakeFiles/cmTC_101b7.dir/build.make:86: recipe for target 'cmTC_101b7' failed
make[1]: *** [cmTC_101b7] Error 1
make[1]: Leaving directory '/home/xchu/github/hdl_graph_slam-master/cmake-build-debug/CMakeFiles/CMakeTmp'
Makefile:121: recipe for target 'cmTC_101b7/fast' failed
make: *** [cmTC_101b7/fast] Error 2



